Using device: cuda:0
Loading Stable Diffusion components...
Loading CLIP Vision...
GlobalAdapter params: 11804160 (11.80 M), trainable: 11804160 (11.80 M)
Trainable params (after prepare): 11804160 (11.80 M)
Training:   0%|          | 0/363750 [00:00<?, ?it/s]/home/uit2023/miniconda3/envs/lcm/lib/python3.10/site-packages/webdataset/handlers.py:55: UserWarning: FileNotFoundError(2, 'No such file or directory', '[https://huggingface.co/datasets/pixparse/cc3m-wds/resolve/main/cc3m-train-0000.tar](https://huggingface.co/datasets/pixparse/cc3m-wds/resolve/main/cc3m-train-%7B0000..0575%7D.tar)')
  warnings.warn(repr(exn))
/home/uit2023/miniconda3/envs/lcm/lib/python3.10/site-packages/webdataset/handlers.py:55: UserWarning: FileNotFoundError(2, 'No such file or directory', '[https://huggingface.co/datasets/pixparse/cc3m-wds/resolve/main/cc3m-train-0002.tar](https://huggingface.co/datasets/pixparse/cc3m-wds/resolve/main/cc3m-train-%7B0000..0575%7D.tar)')
  warnings.warn(repr(exn))
/home/uit2023/miniconda3/envs/lcm/lib/python3.10/site-packages/webdataset/handlers.py:55: UserWarning: FileNotFoundError(2, 'No such file or directory', '[https://huggingface.co/datasets/pixparse/cc3m-wds/resolve/main/cc3m-train-0001.tar](https://huggingface.co/datasets/pixparse/cc3m-wds/resolve/main/cc3m-train-%7B0000..0575%7D.tar)')
  warnings.warn(repr(exn))
/home/uit2023/miniconda3/envs/lcm/lib/python3.10/site-packages/webdataset/handlers.py:55: UserWarning: FileNotFoundError(2, 'No such file or directory', '[https://huggingface.co/datasets/pixparse/cc3m-wds/resolve/main/cc3m-train-0003.tar](https://huggingface.co/datasets/pixparse/cc3m-wds/resolve/main/cc3m-train-%7B0000..0575%7D.tar)')
  warnings.warn(repr(exn))
/home/uit2023/miniconda3/envs/lcm/lib/python3.10/site-packages/webdataset/handlers.py:55: UserWarning: FileNotFoundError(2, 'No such file or directory', '[https://huggingface.co/datasets/pixparse/cc3m-wds/resolve/main/cc3m-train-0004.tar](https://huggingface.co/datasets/pixparse/cc3m-wds/resolve/main/cc3m-train-%7B0000..0575%7D.tar)')
  warnings.warn(repr(exn))
/home/uit2023/miniconda3/envs/lcm/lib/python3.10/site-packages/webdataset/handlers.py:55: UserWarning: FileNotFoundError(2, 'No such file or directory', '[https://huggingface.co/datasets/pixparse/cc3m-wds/resolve/main/cc3m-train-0006.tar](https://huggingface.co/datasets/pixparse/cc3m-wds/resolve/main/cc3m-train-%7B0000..0575%7D.tar)')
  warnings.warn(repr(exn))
/home/uit2023/miniconda3/envs/lcm/lib/python3.10/site-packages/webdataset/handlers.py:55: UserWarning: FileNotFoundError(2, 'No such file or directory', '[https://huggingface.co/datasets/pixparse/cc3m-wds/resolve/main/cc3m-train-0005.tar](https://huggingface.co/datasets/pixparse/cc3m-wds/resolve/main/cc3m-train-%7B0000..0575%7D.tar)')
  warnings.warn(repr(exn))
/home/uit2023/miniconda3/envs/lcm/lib/python3.10/site-packages/webdataset/handlers.py:55: UserWarning: FileNotFoundError(2, 'No such file or directory', '[https://huggingface.co/datasets/pixparse/cc3m-wds/resolve/main/cc3m-train-0007.tar](https://huggingface.co/datasets/pixparse/cc3m-wds/resolve/main/cc3m-train-%7B0000..0575%7D.tar)')
  warnings.warn(repr(exn))
/home/uit2023/miniconda3/envs/lcm/lib/python3.10/site-packages/webdataset/handlers.py:55: UserWarning: FileNotFoundError(2, 'No such file or directory', '[https://huggingface.co/datasets/pixparse/cc3m-wds/resolve/main/cc3m-train-0008.tar](https://huggingface.co/datasets/pixparse/cc3m-wds/resolve/main/cc3m-train-%7B0000..0575%7D.tar)')
  warnings.warn(repr(exn))
/home/uit2023/miniconda3/envs/lcm/lib/python3.10/site-packages/webdataset/handlers.py:55: UserWarning: FileNotFoundError(2, 'No such file or directory', '[https://huggingface.co/datasets/pixparse/cc3m-wds/resolve/main/cc3m-train-0010.tar](https://huggingface.co/datasets/pixparse/cc3m-wds/resolve/main/cc3m-train-%7B0000..0575%7D.tar)')
  warnings.warn(repr(exn))
/home/uit2023/miniconda3/envs/lcm/lib/python3.10/site-packages/webdataset/handlers.py:55: UserWarning: FileNotFoundError(2, 'No such file or directory', '[https://huggingface.co/datasets/pixparse/cc3m-wds/resolve/main/cc3m-train-0009.tar](https://huggingface.co/datasets/pixparse/cc3m-wds/resolve/main/cc3m-train-%7B0000..0575%7D.tar)')
  warnings.warn(repr(exn))
/home/uit2023/miniconda3/envs/lcm/lib/python3.10/site-packages/webdataset/handlers.py:55: UserWarning: FileNotFoundError(2, 'No such file or directory', '[https://huggingface.co/datasets/pixparse/cc3m-wds/resolve/main/cc3m-train-0011.tar](https://huggingface.co/datasets/pixparse/cc3m-wds/resolve/main/cc3m-train-%7B0000..0575%7D.tar)')
  warnings.warn(repr(exn))
/home/uit2023/miniconda3/envs/lcm/lib/python3.10/site-packages/webdataset/handlers.py:55: UserWarning: FileNotFoundError(2, 'No such file or directory', '[https://huggingface.co/datasets/pixparse/cc3m-wds/resolve/main/cc3m-train-0012.tar](https://huggingface.co/datasets/pixparse/cc3m-wds/resolve/main/cc3m-train-%7B0000..0575%7D.tar)')
  warnings.warn(repr(exn))
/home/uit2023/miniconda3/envs/lcm/lib/python3.10/site-packages/webdataset/handlers.py:55: UserWarning: FileNotFoundError(2, 'No such file or directory', '[https://huggingface.co/datasets/pixparse/cc3m-wds/resolve/main/cc3m-train-0014.tar](https://huggingface.co/datasets/pixparse/cc3m-wds/resolve/main/cc3m-train-%7B0000..0575%7D.tar)')
  warnings.warn(repr(exn))
/home/uit2023/miniconda3/envs/lcm/lib/python3.10/site-packages/webdataset/handlers.py:55: UserWarning: FileNotFoundError(2, 'No such file or directory', '[https://huggingface.co/datasets/pixparse/cc3m-wds/resolve/main/cc3m-train-0013.tar](https://huggingface.co/datasets/pixparse/cc3m-wds/resolve/main/cc3m-train-%7B0000..0575%7D.tar)')
  warnings.warn(repr(exn))
/home/uit2023/miniconda3/envs/lcm/lib/python3.10/site-packages/webdataset/handlers.py:55: UserWarning: FileNotFoundError(2, 'No such file or directory', '[https://huggingface.co/datasets/pixparse/cc3m-wds/resolve/main/cc3m-train-0015.tar](https://huggingface.co/datasets/pixparse/cc3m-wds/resolve/main/cc3m-train-%7B0000..0575%7D.tar)')
  warnings.warn(repr(exn))
/home/uit2023/miniconda3/envs/lcm/lib/python3.10/site-packages/webdataset/handlers.py:55: UserWarning: FileNotFoundError(2, 'No such file or directory', '[https://huggingface.co/datasets/pixparse/cc3m-wds/resolve/main/cc3m-train-0016.tar](https://huggingface.co/datasets/pixparse/cc3m-wds/resolve/main/cc3m-train-%7B0000..0575%7D.tar)')
  warnings.warn(repr(exn))
/home/uit2023/miniconda3/envs/lcm/lib/python3.10/site-packages/webdataset/handlers.py:55: UserWarning: FileNotFoundError(2, 'No such file or directory', '[https://huggingface.co/datasets/pixparse/cc3m-wds/resolve/main/cc3m-train-0018.tar](https://huggingface.co/datasets/pixparse/cc3m-wds/resolve/main/cc3m-train-%7B0000..0575%7D.tar)')
  warnings.warn(repr(exn))
/home/uit2023/miniconda3/envs/lcm/lib/python3.10/site-packages/webdataset/handlers.py:55: UserWarning: FileNotFoundError(2, 'No such file or directory', '[https://huggingface.co/datasets/pixparse/cc3m-wds/resolve/main/cc3m-train-0017.tar](https://huggingface.co/datasets/pixparse/cc3m-wds/resolve/main/cc3m-train-%7B0000..0575%7D.tar)')
  warnings.warn(repr(exn))
/home/uit2023/miniconda3/envs/lcm/lib/python3.10/site-packages/webdataset/handlers.py:55: UserWarning: FileNotFoundError(2, 'No such file or directory', '[https://huggingface.co/datasets/pixparse/cc3m-wds/resolve/main/cc3m-train-0019.tar](https://huggingface.co/datasets/pixparse/cc3m-wds/resolve/main/cc3m-train-%7B0000..0575%7D.tar)')
  warnings.warn(repr(exn))
/home/uit2023/miniconda3/envs/lcm/lib/python3.10/site-packages/webdataset/handlers.py:55: UserWarning: FileNotFoundError(2, 'No such file or directory', '[https://huggingface.co/datasets/pixparse/cc3m-wds/resolve/main/cc3m-train-0020.tar](https://huggingface.co/datasets/pixparse/cc3m-wds/resolve/main/cc3m-train-%7B0000..0575%7D.tar)')
  warnings.warn(repr(exn))
/home/uit2023/miniconda3/envs/lcm/lib/python3.10/site-packages/webdataset/handlers.py:55: UserWarning: FileNotFoundError(2, 'No such file or directory', '[https://huggingface.co/datasets/pixparse/cc3m-wds/resolve/main/cc3m-train-0022.tar](https://huggingface.co/datasets/pixparse/cc3m-wds/resolve/main/cc3m-train-%7B0000..0575%7D.tar)')
  warnings.warn(repr(exn))
/home/uit2023/miniconda3/envs/lcm/lib/python3.10/site-packages/webdataset/handlers.py:55: UserWarning: FileNotFoundError(2, 'No such file or directory', '[https://huggingface.co/datasets/pixparse/cc3m-wds/resolve/main/cc3m-train-0021.tar](https://huggingface.co/datasets/pixparse/cc3m-wds/resolve/main/cc3m-train-%7B0000..0575%7D.tar)')
  warnings.warn(repr(exn))
/home/uit2023/miniconda3/envs/lcm/lib/python3.10/site-packages/webdataset/handlers.py:55: UserWarning: FileNotFoundError(2, 'No such file or directory', '[https://huggingface.co/datasets/pixparse/cc3m-wds/resolve/main/cc3m-train-0023.tar](https://huggingface.co/datasets/pixparse/cc3m-wds/resolve/main/cc3m-train-%7B0000..0575%7D.tar)')
  warnings.warn(repr(exn))
/home/uit2023/miniconda3/envs/lcm/lib/python3.10/site-packages/webdataset/handlers.py:55: UserWarning: FileNotFoundError(2, 'No such file or directory', '[https://huggingface.co/datasets/pixparse/cc3m-wds/resolve/main/cc3m-train-0024.tar](https://huggingface.co/datasets/pixparse/cc3m-wds/resolve/main/cc3m-train-%7B0000..0575%7D.tar)')
  warnings.warn(repr(exn))
/home/uit2023/miniconda3/envs/lcm/lib/python3.10/site-packages/webdataset/handlers.py:55: UserWarning: FileNotFoundError(2, 'No such file or directory', '[https://huggingface.co/datasets/pixparse/cc3m-wds/resolve/main/cc3m-train-0026.tar](https://huggingface.co/datasets/pixparse/cc3m-wds/resolve/main/cc3m-train-%7B0000..0575%7D.tar)')
  warnings.warn(repr(exn))
/home/uit2023/miniconda3/envs/lcm/lib/python3.10/site-packages/webdataset/handlers.py:55: UserWarning: FileNotFoundError(2, 'No such file or directory', '[https://huggingface.co/datasets/pixparse/cc3m-wds/resolve/main/cc3m-train-0025.tar](https://huggingface.co/datasets/pixparse/cc3m-wds/resolve/main/cc3m-train-%7B0000..0575%7D.tar)')
  warnings.warn(repr(exn))
/home/uit2023/miniconda3/envs/lcm/lib/python3.10/site-packages/webdataset/handlers.py:55: UserWarning: FileNotFoundError(2, 'No such file or directory', '[https://huggingface.co/datasets/pixparse/cc3m-wds/resolve/main/cc3m-train-0027.tar](https://huggingface.co/datasets/pixparse/cc3m-wds/resolve/main/cc3m-train-%7B0000..0575%7D.tar)')
  warnings.warn(repr(exn))
/home/uit2023/miniconda3/envs/lcm/lib/python3.10/site-packages/webdataset/handlers.py:55: UserWarning: FileNotFoundError(2, 'No such file or directory', '[https://huggingface.co/datasets/pixparse/cc3m-wds/resolve/main/cc3m-train-0028.tar](https://huggingface.co/datasets/pixparse/cc3m-wds/resolve/main/cc3m-train-%7B0000..0575%7D.tar)')
  warnings.warn(repr(exn))
/home/uit2023/miniconda3/envs/lcm/lib/python3.10/site-packages/webdataset/handlers.py:55: UserWarning: FileNotFoundError(2, 'No such file or directory', '[https://huggingface.co/datasets/pixparse/cc3m-wds/resolve/main/cc3m-train-0030.tar](https://huggingface.co/datasets/pixparse/cc3m-wds/resolve/main/cc3m-train-%7B0000..0575%7D.tar)')
  warnings.warn(repr(exn))
/home/uit2023/miniconda3/envs/lcm/lib/python3.10/site-packages/webdataset/handlers.py:55: UserWarning: FileNotFoundError(2, 'No such file or directory', '[https://huggingface.co/datasets/pixparse/cc3m-wds/resolve/main/cc3m-train-0029.tar](https://huggingface.co/datasets/pixparse/cc3m-wds/resolve/main/cc3m-train-%7B0000..0575%7D.tar)')
  warnings.warn(repr(exn))
/home/uit2023/miniconda3/envs/lcm/lib/python3.10/site-packages/webdataset/handlers.py:55: UserWarning: FileNotFoundError(2, 'No such file or directory', '[https://huggingface.co/datasets/pixparse/cc3m-wds/resolve/main/cc3m-train-0031.tar](https://huggingface.co/datasets/pixparse/cc3m-wds/resolve/main/cc3m-train-%7B0000..0575%7D.tar)')
  warnings.warn(repr(exn))
/home/uit2023/miniconda3/envs/lcm/lib/python3.10/site-packages/webdataset/handlers.py:55: UserWarning: FileNotFoundError(2, 'No such file or directory', '[https://huggingface.co/datasets/pixparse/cc3m-wds/resolve/main/cc3m-train-0032.tar](https://huggingface.co/datasets/pixparse/cc3m-wds/resolve/main/cc3m-train-%7B0000..0575%7D.tar)')
  warnings.warn(repr(exn))
/home/uit2023/miniconda3/envs/lcm/lib/python3.10/site-packages/webdataset/handlers.py:55: UserWarning: FileNotFoundError(2, 'No such file or directory', '[https://huggingface.co/datasets/pixparse/cc3m-wds/resolve/main/cc3m-train-0034.tar](https://huggingface.co/datasets/pixparse/cc3m-wds/resolve/main/cc3m-train-%7B0000..0575%7D.tar)')
  warnings.warn(repr(exn))
/home/uit2023/miniconda3/envs/lcm/lib/python3.10/site-packages/webdataset/handlers.py:55: UserWarning: FileNotFoundError(2, 'No such file or directory', '[https://huggingface.co/datasets/pixparse/cc3m-wds/resolve/main/cc3m-train-0033.tar](https://huggingface.co/datasets/pixparse/cc3m-wds/resolve/main/cc3m-train-%7B0000..0575%7D.tar)')
  warnings.warn(repr(exn))
/home/uit2023/miniconda3/envs/lcm/lib/python3.10/site-packages/webdataset/handlers.py:55: UserWarning: FileNotFoundError(2, 'No such file or directory', '[https://huggingface.co/datasets/pixparse/cc3m-wds/resolve/main/cc3m-train-0035.tar](https://huggingface.co/datasets/pixparse/cc3m-wds/resolve/main/cc3m-train-%7B0000..0575%7D.tar)')
  warnings.warn(repr(exn))
/home/uit2023/miniconda3/envs/lcm/lib/python3.10/site-packages/webdataset/handlers.py:55: UserWarning: FileNotFoundError(2, 'No such file or directory', '[https://huggingface.co/datasets/pixparse/cc3m-wds/resolve/main/cc3m-train-0036.tar](https://huggingface.co/datasets/pixparse/cc3m-wds/resolve/main/cc3m-train-%7B0000..0575%7D.tar)')
  warnings.warn(repr(exn))
/home/uit2023/miniconda3/envs/lcm/lib/python3.10/site-packages/webdataset/handlers.py:55: UserWarning: FileNotFoundError(2, 'No such file or directory', '[https://huggingface.co/datasets/pixparse/cc3m-wds/resolve/main/cc3m-train-0038.tar](https://huggingface.co/datasets/pixparse/cc3m-wds/resolve/main/cc3m-train-%7B0000..0575%7D.tar)')
  warnings.warn(repr(exn))
/home/uit2023/miniconda3/envs/lcm/lib/python3.10/site-packages/webdataset/handlers.py:55: UserWarning: FileNotFoundError(2, 'No such file or directory', '[https://huggingface.co/datasets/pixparse/cc3m-wds/resolve/main/cc3m-train-0037.tar](https://huggingface.co/datasets/pixparse/cc3m-wds/resolve/main/cc3m-train-%7B0000..0575%7D.tar)')
  warnings.warn(repr(exn))
/home/uit2023/miniconda3/envs/lcm/lib/python3.10/site-packages/webdataset/handlers.py:55: UserWarning: FileNotFoundError(2, 'No such file or directory', '[https://huggingface.co/datasets/pixparse/cc3m-wds/resolve/main/cc3m-train-0039.tar](https://huggingface.co/datasets/pixparse/cc3m-wds/resolve/main/cc3m-train-%7B0000..0575%7D.tar)')
  warnings.warn(repr(exn))
/home/uit2023/miniconda3/envs/lcm/lib/python3.10/site-packages/webdataset/handlers.py:55: UserWarning: FileNotFoundError(2, 'No such file or directory', '[https://huggingface.co/datasets/pixparse/cc3m-wds/resolve/main/cc3m-train-0040.tar](https://huggingface.co/datasets/pixparse/cc3m-wds/resolve/main/cc3m-train-%7B0000..0575%7D.tar)')
  warnings.warn(repr(exn))
/home/uit2023/miniconda3/envs/lcm/lib/python3.10/site-packages/webdataset/handlers.py:55: UserWarning: FileNotFoundError(2, 'No such file or directory', '[https://huggingface.co/datasets/pixparse/cc3m-wds/resolve/main/cc3m-train-0042.tar](https://huggingface.co/datasets/pixparse/cc3m-wds/resolve/main/cc3m-train-%7B0000..0575%7D.tar)')
  warnings.warn(repr(exn))
/home/uit2023/miniconda3/envs/lcm/lib/python3.10/site-packages/webdataset/handlers.py:55: UserWarning: FileNotFoundError(2, 'No such file or directory', '[https://huggingface.co/datasets/pixparse/cc3m-wds/resolve/main/cc3m-train-0041.tar](https://huggingface.co/datasets/pixparse/cc3m-wds/resolve/main/cc3m-train-%7B0000..0575%7D.tar)')
  warnings.warn(repr(exn))
/home/uit2023/miniconda3/envs/lcm/lib/python3.10/site-packages/webdataset/handlers.py:55: UserWarning: FileNotFoundError(2, 'No such file or directory', '[https://huggingface.co/datasets/pixparse/cc3m-wds/resolve/main/cc3m-train-0043.tar](https://huggingface.co/datasets/pixparse/cc3m-wds/resolve/main/cc3m-train-%7B0000..0575%7D.tar)')
  warnings.warn(repr(exn))
/home/uit2023/miniconda3/envs/lcm/lib/python3.10/site-packages/webdataset/handlers.py:55: UserWarning: FileNotFoundError(2, 'No such file or directory', '[https://huggingface.co/datasets/pixparse/cc3m-wds/resolve/main/cc3m-train-0044.tar](https://huggingface.co/datasets/pixparse/cc3m-wds/resolve/main/cc3m-train-%7B0000..0575%7D.tar)')
  warnings.warn(repr(exn))
/home/uit2023/miniconda3/envs/lcm/lib/python3.10/site-packages/webdataset/handlers.py:55: UserWarning: FileNotFoundError(2, 'No such file or directory', '[https://huggingface.co/datasets/pixparse/cc3m-wds/resolve/main/cc3m-train-0046.tar](https://huggingface.co/datasets/pixparse/cc3m-wds/resolve/main/cc3m-train-%7B0000..0575%7D.tar)')
  warnings.warn(repr(exn))
/home/uit2023/miniconda3/envs/lcm/lib/python3.10/site-packages/webdataset/handlers.py:55: UserWarning: FileNotFoundError(2, 'No such file or directory', '[https://huggingface.co/datasets/pixparse/cc3m-wds/resolve/main/cc3m-train-0045.tar](https://huggingface.co/datasets/pixparse/cc3m-wds/resolve/main/cc3m-train-%7B0000..0575%7D.tar)')
  warnings.warn(repr(exn))
/home/uit2023/miniconda3/envs/lcm/lib/python3.10/site-packages/webdataset/handlers.py:55: UserWarning: FileNotFoundError(2, 'No such file or directory', '[https://huggingface.co/datasets/pixparse/cc3m-wds/resolve/main/cc3m-train-0047.tar](https://huggingface.co/datasets/pixparse/cc3m-wds/resolve/main/cc3m-train-%7B0000..0575%7D.tar)')
  warnings.warn(repr(exn))
/home/uit2023/miniconda3/envs/lcm/lib/python3.10/site-packages/webdataset/handlers.py:55: UserWarning: FileNotFoundError(2, 'No such file or directory', '[https://huggingface.co/datasets/pixparse/cc3m-wds/resolve/main/cc3m-train-0048.tar](https://huggingface.co/datasets/pixparse/cc3m-wds/resolve/main/cc3m-train-%7B0000..0575%7D.tar)')
  warnings.warn(repr(exn))
/home/uit2023/miniconda3/envs/lcm/lib/python3.10/site-packages/webdataset/handlers.py:55: UserWarning: FileNotFoundError(2, 'No such file or directory', '[https://huggingface.co/datasets/pixparse/cc3m-wds/resolve/main/cc3m-train-0050.tar](https://huggingface.co/datasets/pixparse/cc3m-wds/resolve/main/cc3m-train-%7B0000..0575%7D.tar)')
  warnings.warn(repr(exn))
/home/uit2023/miniconda3/envs/lcm/lib/python3.10/site-packages/webdataset/handlers.py:55: UserWarning: FileNotFoundError(2, 'No such file or directory', '[https://huggingface.co/datasets/pixparse/cc3m-wds/resolve/main/cc3m-train-0049.tar](https://huggingface.co/datasets/pixparse/cc3m-wds/resolve/main/cc3m-train-%7B0000..0575%7D.tar)')
  warnings.warn(repr(exn))
/home/uit2023/miniconda3/envs/lcm/lib/python3.10/site-packages/webdataset/handlers.py:55: UserWarning: FileNotFoundError(2, 'No such file or directory', '[https://huggingface.co/datasets/pixparse/cc3m-wds/resolve/main/cc3m-train-0051.tar](https://huggingface.co/datasets/pixparse/cc3m-wds/resolve/main/cc3m-train-%7B0000..0575%7D.tar)')
  warnings.warn(repr(exn))
/home/uit2023/miniconda3/envs/lcm/lib/python3.10/site-packages/webdataset/handlers.py:55: UserWarning: FileNotFoundError(2, 'No such file or directory', '[https://huggingface.co/datasets/pixparse/cc3m-wds/resolve/main/cc3m-train-0052.tar](https://huggingface.co/datasets/pixparse/cc3m-wds/resolve/main/cc3m-train-%7B0000..0575%7D.tar)')
  warnings.warn(repr(exn))
/home/uit2023/miniconda3/envs/lcm/lib/python3.10/site-packages/webdataset/handlers.py:55: UserWarning: FileNotFoundError(2, 'No such file or directory', '[https://huggingface.co/datasets/pixparse/cc3m-wds/resolve/main/cc3m-train-0054.tar](https://huggingface.co/datasets/pixparse/cc3m-wds/resolve/main/cc3m-train-%7B0000..0575%7D.tar)')
  warnings.warn(repr(exn))
/home/uit2023/miniconda3/envs/lcm/lib/python3.10/site-packages/webdataset/handlers.py:55: UserWarning: FileNotFoundError(2, 'No such file or directory', '[https://huggingface.co/datasets/pixparse/cc3m-wds/resolve/main/cc3m-train-0053.tar](https://huggingface.co/datasets/pixparse/cc3m-wds/resolve/main/cc3m-train-%7B0000..0575%7D.tar)')
  warnings.warn(repr(exn))
/home/uit2023/miniconda3/envs/lcm/lib/python3.10/site-packages/webdataset/handlers.py:55: UserWarning: FileNotFoundError(2, 'No such file or directory', '[https://huggingface.co/datasets/pixparse/cc3m-wds/resolve/main/cc3m-train-0055.tar](https://huggingface.co/datasets/pixparse/cc3m-wds/resolve/main/cc3m-train-%7B0000..0575%7D.tar)')
  warnings.warn(repr(exn))
